<?xml version="1.0" encoding="UTF-8" ?>
<testsuite failures="0" time="1.479" errors="1" skipped="0" tests="3" name="de.objectcode.wicket.TestWicketPages">
  <properties>
    <property name="java.runtime.name" value="Java(TM) SE Runtime Environment"/>
    <property name="sun.boot.library.path" value="/usr/lib/jvm/java-6-sun-1.6.0.26/jre/lib/amd64"/>
    <property name="java.vm.version" value="20.1-b02"/>
    <property name="java.vm.vendor" value="Sun Microsystems Inc."/>
    <property name="java.vendor.url" value="http://java.sun.com/"/>
    <property name="path.separator" value=":"/>
    <property name="java.vm.name" value="Java HotSpot(TM) 64-Bit Server VM"/>
    <property name="file.encoding.pkg" value="sun.io"/>
    <property name="user.country" value="DE"/>
    <property name="sun.java.launcher" value="SUN_STANDARD"/>
    <property name="sun.os.patch.level" value="unknown"/>
    <property name="java.vm.specification.name" value="Java Virtual Machine Specification"/>
    <property name="user.dir" value="/home/msauvette/tmp/wicket-booking-jpa"/>
    <property name="java.runtime.version" value="1.6.0_26-b03"/>
    <property name="java.awt.graphicsenv" value="sun.awt.X11GraphicsEnvironment"/>
    <property name="basedir" value="/home/msauvette/tmp/wicket-booking-jpa"/>
    <property name="java.endorsed.dirs" value="/usr/lib/jvm/java-6-sun-1.6.0.26/jre/lib/endorsed"/>
    <property name="os.arch" value="amd64"/>
    <property name="surefire.real.class.path" value="/tmp/surefirebooter6140940544185259786.jar"/>
    <property name="java.io.tmpdir" value="/tmp"/>
    <property name="line.separator" value="
"/>
    <property name="java.vm.specification.vendor" value="Sun Microsystems Inc."/>
    <property name="os.name" value="Linux"/>
    <property name="sun.jnu.encoding" value="UTF-8"/>
    <property name="java.library.path" value="/usr/lib/jvm/java-6-sun-1.6.0.26/jre/lib/amd64/server:/usr/lib/jvm/java-6-sun-1.6.0.26/jre/lib/amd64:/usr/lib/jvm/java-6-sun-1.6.0.26/jre/../lib/amd64:/usr/java/packages/lib/amd64:/usr/lib64:/lib64:/lib:/usr/lib"/>
    <property name="surefire.test.class.path" value="/home/msauvette/tmp/wicket-booking-jpa/target/test-classes:/home/msauvette/tmp/wicket-booking-jpa/target/classes:/home/msauvette/.m2/repository/org/apache/wicket/wicket/1.4.12/wicket-1.4.12.jar:/home/msauvette/.m2/repository/org/slf4j/slf4j-api/1.5.11/slf4j-api-1.5.11.jar:/home/msauvette/.m2/repository/org/apache/wicket/wicket-spring/1.4.12/wicket-spring-1.4.12.jar:/home/msauvette/.m2/repository/org/apache/wicket/wicket-ioc/1.4.12/wicket-ioc-1.4.12.jar:/home/msauvette/.m2/repository/cglib/cglib-nodep/2.1_3/cglib-nodep-2.1_3.jar:/home/msauvette/.m2/repository/org/apache/wicket/wicket-auth-roles/1.4.12/wicket-auth-roles-1.4.12.jar:/home/msauvette/.m2/repository/org/slf4j/slf4j-log4j12/1.5.11/slf4j-log4j12-1.5.11.jar:/home/msauvette/.m2/repository/log4j/log4j/1.2.14/log4j-1.2.14.jar:/home/msauvette/.m2/repository/org/slf4j/jcl-over-slf4j/1.5.11/jcl-over-slf4j-1.5.11.jar:/home/msauvette/.m2/repository/hsqldb/hsqldb/1.8.0.10/hsqldb-1.8.0.10.jar:/home/msauvette/.m2/repository/org/springframework/spring-context/3.0.4.RELEASE/spring-context-3.0.4.RELEASE.jar:/home/msauvette/.m2/repository/org/springframework/spring-aop/3.0.4.RELEASE/spring-aop-3.0.4.RELEASE.jar:/home/msauvette/.m2/repository/aopalliance/aopalliance/1.0/aopalliance-1.0.jar:/home/msauvette/.m2/repository/org/springframework/spring-asm/3.0.4.RELEASE/spring-asm-3.0.4.RELEASE.jar:/home/msauvette/.m2/repository/org/springframework/spring-beans/3.0.4.RELEASE/spring-beans-3.0.4.RELEASE.jar:/home/msauvette/.m2/repository/org/springframework/spring-core/3.0.4.RELEASE/spring-core-3.0.4.RELEASE.jar:/home/msauvette/.m2/repository/org/springframework/spring-expression/3.0.4.RELEASE/spring-expression-3.0.4.RELEASE.jar:/home/msauvette/.m2/repository/org/springframework/spring-orm/3.0.4.RELEASE/spring-orm-3.0.4.RELEASE.jar:/home/msauvette/.m2/repository/org/springframework/spring-jdbc/3.0.4.RELEASE/spring-jdbc-3.0.4.RELEASE.jar:/home/msauvette/.m2/repository/org/springframework/spring-tx/3.0.4.RELEASE/spring-tx-3.0.4.RELEASE.jar:/home/msauvette/.m2/repository/org/springframework/spring-web/3.0.4.RELEASE/spring-web-3.0.4.RELEASE.jar:/home/msauvette/.m2/repository/commons-dbcp/commons-dbcp/1.4/commons-dbcp-1.4.jar:/home/msauvette/.m2/repository/commons-pool/commons-pool/1.5.4/commons-pool-1.5.4.jar:/home/msauvette/.m2/repository/org/hibernate/javax/persistence/hibernate-jpa-2.0-api/1.0.0.Final/hibernate-jpa-2.0-api-1.0.0.Final.jar:/home/msauvette/.m2/repository/org/hibernate/hibernate-validator/4.0.2.GA/hibernate-validator-4.0.2.GA.jar:/home/msauvette/.m2/repository/javax/validation/validation-api/1.0.0.GA/validation-api-1.0.0.GA.jar:/home/msauvette/.m2/repository/javax/xml/bind/jaxb-api/2.1/jaxb-api-2.1.jar:/home/msauvette/.m2/repository/javax/xml/stream/stax-api/1.0-2/stax-api-1.0-2.jar:/home/msauvette/.m2/repository/javax/activation/activation/1.1/activation-1.1.jar:/home/msauvette/.m2/repository/com/sun/xml/bind/jaxb-impl/2.1.3/jaxb-impl-2.1.3.jar:/home/msauvette/.m2/repository/mysql/mysql-connector-java/5.1.9/mysql-connector-java-5.1.9.jar:/home/msauvette/.m2/repository/org/hibernate/hibernate-entitymanager/3.5.6-Final/hibernate-entitymanager-3.5.6-Final.jar:/home/msauvette/.m2/repository/org/hibernate/hibernate-core/3.5.6-Final/hibernate-core-3.5.6-Final.jar:/home/msauvette/.m2/repository/antlr/antlr/2.7.6/antlr-2.7.6.jar:/home/msauvette/.m2/repository/commons-collections/commons-collections/3.1/commons-collections-3.1.jar:/home/msauvette/.m2/repository/dom4j/dom4j/1.6.1/dom4j-1.6.1.jar:/home/msauvette/.m2/repository/xml-apis/xml-apis/1.0.b2/xml-apis-1.0.b2.jar:/home/msauvette/.m2/repository/javax/transaction/jta/1.1/jta-1.1.jar:/home/msauvette/.m2/repository/org/hibernate/hibernate-annotations/3.5.6-Final/hibernate-annotations-3.5.6-Final.jar:/home/msauvette/.m2/repository/org/hibernate/hibernate-commons-annotations/3.2.0.Final/hibernate-commons-annotations-3.2.0.Final.jar:/home/msauvette/.m2/repository/cglib/cglib/2.2/cglib-2.2.jar:/home/msauvette/.m2/repository/asm/asm/3.1/asm-3.1.jar:/home/msauvette/.m2/repository/javassist/javassist/3.9.0.GA/javassist-3.9.0.GA.jar:/home/msauvette/.m2/repository/org/mortbay/jetty/jetty/6.1.25/jetty-6.1.25.jar:/home/msauvette/.m2/repository/org/mortbay/jetty/jetty-util/6.1.25/jetty-util-6.1.25.jar:/home/msauvette/.m2/repository/org/mortbay/jetty/servlet-api/2.5-20081211/servlet-api-2.5-20081211.jar:/home/msauvette/.m2/repository/junit/junit/4.8.1/junit-4.8.1.jar:/home/msauvette/.m2/repository/org/mockito/mockito-core/1.8.2/mockito-core-1.8.2.jar:/home/msauvette/.m2/repository/org/hamcrest/hamcrest-core/1.1/hamcrest-core-1.1.jar:/home/msauvette/.m2/repository/org/objenesis/objenesis/1.0/objenesis-1.0.jar:/home/msauvette/.m2/repository/org/springframework/spring-test/3.0.4.RELEASE/spring-test-3.0.4.RELEASE.jar:"/>
    <property name="java.specification.name" value="Java Platform API Specification"/>
    <property name="java.class.version" value="50.0"/>
    <property name="sun.management.compiler" value="HotSpot 64-Bit Tiered Compilers"/>
    <property name="os.version" value="2.6.38-13-generic"/>
    <property name="user.home" value="/home/msauvette"/>
    <property name="user.timezone" value="Europe/Berlin"/>
    <property name="java.awt.printerjob" value="sun.print.PSPrinterJob"/>
    <property name="file.encoding" value="UTF-8"/>
    <property name="java.specification.version" value="1.6"/>
    <property name="user.name" value="msauvette"/>
    <property name="java.class.path" value="/home/msauvette/tmp/wicket-booking-jpa/target/test-classes:/home/msauvette/tmp/wicket-booking-jpa/target/classes:/home/msauvette/.m2/repository/org/apache/wicket/wicket/1.4.12/wicket-1.4.12.jar:/home/msauvette/.m2/repository/org/slf4j/slf4j-api/1.5.11/slf4j-api-1.5.11.jar:/home/msauvette/.m2/repository/org/apache/wicket/wicket-spring/1.4.12/wicket-spring-1.4.12.jar:/home/msauvette/.m2/repository/org/apache/wicket/wicket-ioc/1.4.12/wicket-ioc-1.4.12.jar:/home/msauvette/.m2/repository/cglib/cglib-nodep/2.1_3/cglib-nodep-2.1_3.jar:/home/msauvette/.m2/repository/org/apache/wicket/wicket-auth-roles/1.4.12/wicket-auth-roles-1.4.12.jar:/home/msauvette/.m2/repository/org/slf4j/slf4j-log4j12/1.5.11/slf4j-log4j12-1.5.11.jar:/home/msauvette/.m2/repository/log4j/log4j/1.2.14/log4j-1.2.14.jar:/home/msauvette/.m2/repository/org/slf4j/jcl-over-slf4j/1.5.11/jcl-over-slf4j-1.5.11.jar:/home/msauvette/.m2/repository/hsqldb/hsqldb/1.8.0.10/hsqldb-1.8.0.10.jar:/home/msauvette/.m2/repository/org/springframework/spring-context/3.0.4.RELEASE/spring-context-3.0.4.RELEASE.jar:/home/msauvette/.m2/repository/org/springframework/spring-aop/3.0.4.RELEASE/spring-aop-3.0.4.RELEASE.jar:/home/msauvette/.m2/repository/aopalliance/aopalliance/1.0/aopalliance-1.0.jar:/home/msauvette/.m2/repository/org/springframework/spring-asm/3.0.4.RELEASE/spring-asm-3.0.4.RELEASE.jar:/home/msauvette/.m2/repository/org/springframework/spring-beans/3.0.4.RELEASE/spring-beans-3.0.4.RELEASE.jar:/home/msauvette/.m2/repository/org/springframework/spring-core/3.0.4.RELEASE/spring-core-3.0.4.RELEASE.jar:/home/msauvette/.m2/repository/org/springframework/spring-expression/3.0.4.RELEASE/spring-expression-3.0.4.RELEASE.jar:/home/msauvette/.m2/repository/org/springframework/spring-orm/3.0.4.RELEASE/spring-orm-3.0.4.RELEASE.jar:/home/msauvette/.m2/repository/org/springframework/spring-jdbc/3.0.4.RELEASE/spring-jdbc-3.0.4.RELEASE.jar:/home/msauvette/.m2/repository/org/springframework/spring-tx/3.0.4.RELEASE/spring-tx-3.0.4.RELEASE.jar:/home/msauvette/.m2/repository/org/springframework/spring-web/3.0.4.RELEASE/spring-web-3.0.4.RELEASE.jar:/home/msauvette/.m2/repository/commons-dbcp/commons-dbcp/1.4/commons-dbcp-1.4.jar:/home/msauvette/.m2/repository/commons-pool/commons-pool/1.5.4/commons-pool-1.5.4.jar:/home/msauvette/.m2/repository/org/hibernate/javax/persistence/hibernate-jpa-2.0-api/1.0.0.Final/hibernate-jpa-2.0-api-1.0.0.Final.jar:/home/msauvette/.m2/repository/org/hibernate/hibernate-validator/4.0.2.GA/hibernate-validator-4.0.2.GA.jar:/home/msauvette/.m2/repository/javax/validation/validation-api/1.0.0.GA/validation-api-1.0.0.GA.jar:/home/msauvette/.m2/repository/javax/xml/bind/jaxb-api/2.1/jaxb-api-2.1.jar:/home/msauvette/.m2/repository/javax/xml/stream/stax-api/1.0-2/stax-api-1.0-2.jar:/home/msauvette/.m2/repository/javax/activation/activation/1.1/activation-1.1.jar:/home/msauvette/.m2/repository/com/sun/xml/bind/jaxb-impl/2.1.3/jaxb-impl-2.1.3.jar:/home/msauvette/.m2/repository/mysql/mysql-connector-java/5.1.9/mysql-connector-java-5.1.9.jar:/home/msauvette/.m2/repository/org/hibernate/hibernate-entitymanager/3.5.6-Final/hibernate-entitymanager-3.5.6-Final.jar:/home/msauvette/.m2/repository/org/hibernate/hibernate-core/3.5.6-Final/hibernate-core-3.5.6-Final.jar:/home/msauvette/.m2/repository/antlr/antlr/2.7.6/antlr-2.7.6.jar:/home/msauvette/.m2/repository/commons-collections/commons-collections/3.1/commons-collections-3.1.jar:/home/msauvette/.m2/repository/dom4j/dom4j/1.6.1/dom4j-1.6.1.jar:/home/msauvette/.m2/repository/xml-apis/xml-apis/1.0.b2/xml-apis-1.0.b2.jar:/home/msauvette/.m2/repository/javax/transaction/jta/1.1/jta-1.1.jar:/home/msauvette/.m2/repository/org/hibernate/hibernate-annotations/3.5.6-Final/hibernate-annotations-3.5.6-Final.jar:/home/msauvette/.m2/repository/org/hibernate/hibernate-commons-annotations/3.2.0.Final/hibernate-commons-annotations-3.2.0.Final.jar:/home/msauvette/.m2/repository/cglib/cglib/2.2/cglib-2.2.jar:/home/msauvette/.m2/repository/asm/asm/3.1/asm-3.1.jar:/home/msauvette/.m2/repository/javassist/javassist/3.9.0.GA/javassist-3.9.0.GA.jar:/home/msauvette/.m2/repository/org/mortbay/jetty/jetty/6.1.25/jetty-6.1.25.jar:/home/msauvette/.m2/repository/org/mortbay/jetty/jetty-util/6.1.25/jetty-util-6.1.25.jar:/home/msauvette/.m2/repository/org/mortbay/jetty/servlet-api/2.5-20081211/servlet-api-2.5-20081211.jar:/home/msauvette/.m2/repository/junit/junit/4.8.1/junit-4.8.1.jar:/home/msauvette/.m2/repository/org/mockito/mockito-core/1.8.2/mockito-core-1.8.2.jar:/home/msauvette/.m2/repository/org/hamcrest/hamcrest-core/1.1/hamcrest-core-1.1.jar:/home/msauvette/.m2/repository/org/objenesis/objenesis/1.0/objenesis-1.0.jar:/home/msauvette/.m2/repository/org/springframework/spring-test/3.0.4.RELEASE/spring-test-3.0.4.RELEASE.jar:"/>
    <property name="java.vm.specification.version" value="1.0"/>
    <property name="sun.arch.data.model" value="64"/>
    <property name="java.home" value="/usr/lib/jvm/java-6-sun-1.6.0.26/jre"/>
    <property name="sun.java.command" value="/tmp/surefirebooter6140940544185259786.jar /tmp/surefire4054532222096700489tmp /tmp/surefire110856719501400228tmp"/>
    <property name="java.specification.vendor" value="Sun Microsystems Inc."/>
    <property name="user.language" value="de"/>
    <property name="java.vm.info" value="mixed mode"/>
    <property name="java.version" value="1.6.0_26"/>
    <property name="java.ext.dirs" value="/usr/lib/jvm/java-6-sun-1.6.0.26/jre/lib/ext:/usr/java/packages/lib/ext"/>
    <property name="sun.boot.class.path" value="/usr/lib/jvm/java-6-sun-1.6.0.26/jre/lib/resources.jar:/usr/lib/jvm/java-6-sun-1.6.0.26/jre/lib/rt.jar:/usr/lib/jvm/java-6-sun-1.6.0.26/jre/lib/sunrsasign.jar:/usr/lib/jvm/java-6-sun-1.6.0.26/jre/lib/jsse.jar:/usr/lib/jvm/java-6-sun-1.6.0.26/jre/lib/jce.jar:/usr/lib/jvm/java-6-sun-1.6.0.26/jre/lib/charsets.jar:/usr/lib/jvm/java-6-sun-1.6.0.26/jre/lib/modules/jdk.boot.jar:/usr/lib/jvm/java-6-sun-1.6.0.26/jre/classes"/>
    <property name="java.vendor" value="Sun Microsystems Inc."/>
    <property name="localRepository" value="/home/msauvette/.m2/repository"/>
    <property name="file.separator" value="/"/>
    <property name="java.vendor.url.bug" value="http://java.sun.com/cgi-bin/bugreport.cgi"/>
    <property name="sun.cpu.endian" value="little"/>
    <property name="sun.io.unicode.encoding" value="UnicodeLittle"/>
    <property name="sun.desktop" value="gnome"/>
    <property name="sun.cpu.isalist" value=""/>
  </properties>
  <testcase time="0.647" classname="de.objectcode.wicket.TestWicketPages" name="testStartPage"/>
  <testcase time="0.476" classname="de.objectcode.wicket.TestWicketPages" name="testHomePage">
    <error message="Error attaching this container for rendering: [MarkupContainer [Component id = body]]" type="org.apache.wicket.WicketRuntimeException">org.apache.wicket.WicketRuntimeException: Error attaching this container for rendering: [MarkupContainer [Component id = body]]
	at org.apache.wicket.MarkupContainer.onBeforeRenderChildren(MarkupContainer.java:1765)
	at org.apache.wicket.Component.onBeforeRender(Component.java:3946)
	at org.apache.wicket.Component.internalBeforeRender(Component.java:1071)
	at org.apache.wicket.Component.beforeRender(Component.java:1105)
	at org.apache.wicket.MarkupContainer.onBeforeRenderChildren(MarkupContainer.java:1753)
	at org.apache.wicket.Component.onBeforeRender(Component.java:3946)
	at org.apache.wicket.Page.onBeforeRender(Page.java:1531)
	at org.apache.wicket.Component.internalBeforeRender(Component.java:1071)
	at org.apache.wicket.Component.beforeRender(Component.java:1105)
	at org.apache.wicket.Component.prepareForRender(Component.java:2292)
	at org.apache.wicket.Page.prepareForRender(Page.java:1521)
	at org.apache.wicket.Component.prepareForRender(Component.java:2329)
	at org.apache.wicket.Page.renderPage(Page.java:892)
	at org.apache.wicket.request.target.component.BookmarkablePageRequestTarget.respond(BookmarkablePageRequestTarget.java:261)
	at org.apache.wicket.request.AbstractRequestCycleProcessor.respond(AbstractRequestCycleProcessor.java:105)
	at org.apache.wicket.RequestCycle.processEventsAndRespond(RequestCycle.java:1258)
	at org.apache.wicket.RequestCycle.step(RequestCycle.java:1329)
	at org.apache.wicket.RequestCycle.steps(RequestCycle.java:1436)
	at org.apache.wicket.RequestCycle.request(RequestCycle.java:545)
	at org.apache.wicket.protocol.http.MockWebApplication.processRequestCycle(MockWebApplication.java:527)
	at org.apache.wicket.util.tester.FormTester.submit(FormTester.java:695)
	at de.objectcode.wicket.TestWicketPages.testHomePage(TestWicketPages.java:58)
	at sun.reflect.NativeMethodAccessorImpl.invoke0(Native Method)
	at sun.reflect.NativeMethodAccessorImpl.invoke(NativeMethodAccessorImpl.java:39)
	at sun.reflect.DelegatingMethodAccessorImpl.invoke(DelegatingMethodAccessorImpl.java:25)
	at java.lang.reflect.Method.invoke(Method.java:597)
	at org.junit.runners.model.FrameworkMethod$1.runReflectiveCall(FrameworkMethod.java:44)
	at org.junit.internal.runners.model.ReflectiveCallable.run(ReflectiveCallable.java:15)
	at org.junit.runners.model.FrameworkMethod.invokeExplosively(FrameworkMethod.java:41)
	at org.junit.internal.runners.statements.InvokeMethod.evaluate(InvokeMethod.java:20)
	at org.junit.internal.runners.statements.RunBefores.evaluate(RunBefores.java:28)
	at org.junit.runners.BlockJUnit4ClassRunner.runChild(BlockJUnit4ClassRunner.java:76)
	at org.junit.runners.BlockJUnit4ClassRunner.runChild(BlockJUnit4ClassRunner.java:50)
	at org.junit.runners.ParentRunner$3.run(ParentRunner.java:193)
	at org.junit.runners.ParentRunner$1.schedule(ParentRunner.java:52)
	at org.junit.runners.ParentRunner.runChildren(ParentRunner.java:191)
	at org.junit.runners.ParentRunner.access$000(ParentRunner.java:42)
	at org.junit.runners.ParentRunner$2.evaluate(ParentRunner.java:184)
	at org.junit.runners.ParentRunner.run(ParentRunner.java:236)
	at org.apache.maven.surefire.junit4.JUnit4TestSet.execute(JUnit4TestSet.java:62)
	at org.apache.maven.surefire.suite.AbstractDirectoryTestSuite.executeTestSet(AbstractDirectoryTestSuite.java:140)
	at org.apache.maven.surefire.suite.AbstractDirectoryTestSuite.execute(AbstractDirectoryTestSuite.java:127)
	at org.apache.maven.surefire.Surefire.run(Surefire.java:177)
	at sun.reflect.NativeMethodAccessorImpl.invoke0(Native Method)
	at sun.reflect.NativeMethodAccessorImpl.invoke(NativeMethodAccessorImpl.java:39)
	at sun.reflect.DelegatingMethodAccessorImpl.invoke(DelegatingMethodAccessorImpl.java:25)
	at java.lang.reflect.Method.invoke(Method.java:597)
	at org.apache.maven.surefire.booter.SurefireBooter.runSuitesInProcess(SurefireBooter.java:345)
	at org.apache.maven.surefire.booter.SurefireBooter.main(SurefireBooter.java:1009)
Caused by: java.lang.IllegalStateException: bean with name [hotelSearchingAction] and class [de.objectcode.action.HotelSearching] not found
	at org.apache.wicket.spring.SpringBeanLocator.lookupSpringBean(SpringBeanLocator.java:314)
	at org.apache.wicket.spring.SpringBeanLocator.locateProxyTarget(SpringBeanLocator.java:237)
	at org.apache.wicket.proxy.LazyInitProxyFactory$JdkHandler.invoke(LazyInitProxyFactory.java:412)
	at org.apache.wicket.proxy.$Proxy35.getHotels(Unknown Source)
	at de.objectcode.pages.Main$1.isVisible(Main.java:97)
	at org.apache.wicket.Component.determineVisibility(Component.java:4644)
	at org.apache.wicket.Component.internalBeforeRender(Component.java:1060)
	at org.apache.wicket.Component.beforeRender(Component.java:1105)
	at org.apache.wicket.MarkupContainer.onBeforeRenderChildren(MarkupContainer.java:1753)
	... 48 more
</error>
    <system-out>Hibernate: select user0_.username as username19_0_, user0_.name as name19_0_, user0_.password as password19_0_ from Customer user0_ where user0_.username=?
Hibernate: insert into Customer (name, password, username) values (?, ?, ?)
Hibernate: select user0_.username as username19_0_, user0_.name as name19_0_, user0_.password as password19_0_ from Customer user0_ where user0_.username=?
Hibernate: insert into Customer (name, password, username) values (?, ?, ?)
Hibernate: insert into Hotel (address, city, country, name, price, state, zip) values (?, ?, ?, ?, ?, ?, ?)
Hibernate: insert into Hotel (address, city, country, name, price, state, zip) values (?, ?, ?, ?, ?, ?, ?)
Hibernate: insert into Hotel (address, city, country, name, price, state, zip) values (?, ?, ?, ?, ?, ?, ?)
Hibernate: insert into Hotel (address, city, country, name, price, state, zip) values (?, ?, ?, ?, ?, ?, ?)
Hibernate: insert into Hotel (address, city, country, name, price, state, zip) values (?, ?, ?, ?, ?, ?, ?)
Hibernate: insert into Hotel (address, city, country, name, price, state, zip) values (?, ?, ?, ?, ?, ?, ?)
Hibernate: insert into Hotel (address, city, country, name, price, state, zip) values (?, ?, ?, ?, ?, ?, ?)
Hibernate: select user0_.username as username19_, user0_.name as name19_, user0_.password as password19_ from Customer user0_ where user0_.username=? and user0_.password=? limit ?
Hibernate: select user0_.username as username19_, user0_.name as name19_, user0_.password as password19_ from Customer user0_ where user0_.username=? and user0_.password=? limit ?
########## logged in ##############
</system-out>
    <system-err>********************************************************************
*** WARNING: Wicket is running in DEVELOPMENT mode.              ***
***                               ^^^^^^^^^^^                    ***
*** Do NOT deploy to your live server(s) without changing this.  ***
*** See Application#getConfigurationType() for more information. ***
********************************************************************
</system-err>
  </testcase>
  <testcase time="0.353" classname="de.objectcode.wicket.TestWicketPages" name="testEventPage"/>
</testsuite>